2025-05-08 15:18:27,430 - WARNING - PyNaCl is not installed, voice will NOT be supported
2025-05-08 15:18:27,431 - INFO - Starting website monitoring service
2025-05-08 15:18:27,431 - INFO - Monitoring https://five.tours (Server IP: 165.154.245.246)
2025-05-08 15:18:27,432 - INFO - Check interval: 60 seconds
2025-05-08 15:18:27,432 - INFO - logging in using static token
2025-05-08 15:18:29,499 - INFO - Shard ID None has connected to Gateway (Session ID: 1a07621f9f635bfb51f9b32bb4e9016d).
2025-05-08 15:18:31,504 - INFO - Logged in as FiveTours#8753
2025-05-08 15:18:31,505 - INFO - Connected to Discord channel: monitor
2025-05-08 15:18:31,817 - ERROR - Error setting up Discord channel: 403 Forbidden (error code: 50001): Missing Access
2025-05-08 15:18:31,818 - INFO - Checking website: https://five.tours
2025-05-08 15:18:44,918 - INFO - Status: DEGRADED
2025-05-08 15:18:44,919 - INFO - HTTP Status Code: 200
2025-05-08 15:18:44,921 - INFO - Response Time: 0.91s
2025-05-08 15:19:31,851 - INFO - Checking website: https://five.tours
2025-05-08 15:19:44,753 - INFO - Status: DEGRADED
2025-05-08 15:19:44,754 - INFO - HTTP Status Code: 200
2025-05-08 15:19:44,755 - INFO - Response Time: 0.81s
2025-05-08 15:20:31,870 - INFO - Checking website: https://five.tours
2025-05-08 15:20:42,937 - WARNING - Shard ID None heartbeat blocked for more than 10 seconds.
Loop thread traceback (most recent call last):
  File "/app/website_monitor.py", line 333, in <module>
    run_monitor()
  File "/app/website_monitor.py", line 326, in run_monitor
    client.run(CONFIG["discord_bot_token"])
  File "/usr/local/lib/python3.9/site-packages/discord/client.py", line 860, in run
    asyncio.run(runner())
  File "/usr/local/lib/python3.9/asyncio/runners.py", line 44, in run
    return loop.run_until_complete(main)
  File "/usr/local/lib/python3.9/asyncio/base_events.py", line 634, in run_until_complete
    self.run_forever()
  File "/usr/local/lib/python3.9/asyncio/base_events.py", line 601, in run_forever
    self._run_once()
  File "/usr/local/lib/python3.9/asyncio/base_events.py", line 1905, in _run_once
    handle._run()
  File "/usr/local/lib/python3.9/asyncio/events.py", line 80, in _run
    self._context.run(self._callback, *self._args)
  File "/usr/local/lib/python3.9/site-packages/discord/ext/tasks/__init__.py", line 239, in _loop
    await self.coro(*args, **kwargs)
  File "/app/website_monitor.py", line 286, in monitor_task
    status, details = check_website()
  File "/app/website_monitor.py", line 134, in check_website
    ping_success, ping_output = ping_server(CONFIG["server_ip"])
  File "/app/website_monitor.py", line 104, in ping_server
    output = subprocess.check_output(
  File "/usr/local/lib/python3.9/subprocess.py", line 424, in check_output
    return run(*popenargs, stdout=PIPE, timeout=timeout, check=True,
  File "/usr/local/lib/python3.9/subprocess.py", line 507, in run
    stdout, stderr = process.communicate(input, timeout=timeout)
  File "/usr/local/lib/python3.9/subprocess.py", line 1121, in communicate
    stdout = self.stdout.read()

2025-05-08 15:20:44,588 - INFO - Status: DEGRADED
2025-05-08 15:20:44,589 - INFO - HTTP Status Code: 200
2025-05-08 15:20:44,590 - INFO - Response Time: 0.58s
2025-05-08 15:21:31,836 - INFO - Checking website: https://five.tours
2025-05-08 15:21:44,586 - INFO - Status: DEGRADED
2025-05-08 15:21:44,589 - INFO - HTTP Status Code: 200
2025-05-08 15:21:44,591 - INFO - Response Time: 0.63s
2025-05-08 15:22:31,856 - INFO - Checking website: https://five.tours
2025-05-08 15:22:44,580 - INFO - Status: DEGRADED
2025-05-08 15:22:44,581 - INFO - HTTP Status Code: 200
2025-05-08 15:22:44,581 - INFO - Response Time: 0.63s
2025-05-08 15:23:31,822 - INFO - Checking website: https://five.tours
2025-05-08 15:23:44,576 - INFO - Status: DEGRADED
2025-05-08 15:23:44,577 - INFO - HTTP Status Code: 200
2025-05-08 15:23:44,577 - INFO - Response Time: 0.65s
2025-05-08 15:24:31,823 - INFO - Checking website: https://five.tours
2025-05-08 15:24:44,492 - INFO - Status: DEGRADED
2025-05-08 15:24:44,493 - INFO - HTTP Status Code: 200
2025-05-08 15:24:44,494 - INFO - Response Time: 0.56s
2025-05-08 15:25:31,860 - INFO - Checking website: https://five.tours
2025-05-08 15:25:43,363 - WARNING - Shard ID None heartbeat blocked for more than 10 seconds.
Loop thread traceback (most recent call last):
  File "/app/website_monitor.py", line 333, in <module>
    run_monitor()
  File "/app/website_monitor.py", line 326, in run_monitor
    client.run(CONFIG["discord_bot_token"])
  File "/usr/local/lib/python3.9/site-packages/discord/client.py", line 860, in run
    asyncio.run(runner())
  File "/usr/local/lib/python3.9/asyncio/runners.py", line 44, in run
    return loop.run_until_complete(main)
  File "/usr/local/lib/python3.9/asyncio/base_events.py", line 634, in run_until_complete
    self.run_forever()
  File "/usr/local/lib/python3.9/asyncio/base_events.py", line 601, in run_forever
    self._run_once()
  File "/usr/local/lib/python3.9/asyncio/base_events.py", line 1905, in _run_once
    handle._run()
  File "/usr/local/lib/python3.9/asyncio/events.py", line 80, in _run
    self._context.run(self._callback, *self._args)
  File "/usr/local/lib/python3.9/site-packages/discord/ext/tasks/__init__.py", line 239, in _loop
    await self.coro(*args, **kwargs)
  File "/app/website_monitor.py", line 286, in monitor_task
    status, details = check_website()
  File "/app/website_monitor.py", line 134, in check_website
    ping_success, ping_output = ping_server(CONFIG["server_ip"])
  File "/app/website_monitor.py", line 104, in ping_server
    output = subprocess.check_output(
  File "/usr/local/lib/python3.9/subprocess.py", line 424, in check_output
    return run(*popenargs, stdout=PIPE, timeout=timeout, check=True,
  File "/usr/local/lib/python3.9/subprocess.py", line 507, in run
    stdout, stderr = process.communicate(input, timeout=timeout)
  File "/usr/local/lib/python3.9/subprocess.py", line 1121, in communicate
    stdout = self.stdout.read()

2025-05-08 15:25:44,492 - INFO - Status: DEGRADED
2025-05-08 15:25:44,493 - INFO - HTTP Status Code: 200
2025-05-08 15:25:44,494 - INFO - Response Time: 0.55s
2025-05-08 15:26:31,824 - INFO - Checking website: https://five.tours
2025-05-08 15:26:44,565 - INFO - Status: DEGRADED
2025-05-08 15:26:44,566 - INFO - HTTP Status Code: 200
2025-05-08 15:26:44,567 - INFO - Response Time: 0.63s
2025-05-08 15:27:31,846 - INFO - Checking website: https://five.tours
2025-05-08 15:27:44,642 - INFO - Status: DEGRADED
2025-05-08 15:27:44,642 - INFO - HTTP Status Code: 200
2025-05-08 15:27:44,643 - INFO - Response Time: 0.71s
2025-05-08 15:28:31,828 - INFO - Checking website: https://five.tours
2025-05-08 15:28:45,598 - INFO - Status: DEGRADED
2025-05-08 15:28:45,599 - INFO - HTTP Status Code: 200
2025-05-08 15:28:45,600 - INFO - Response Time: 1.65s
2025-05-08 15:29:31,832 - INFO - Checking website: https://five.tours
2025-05-08 15:29:44,554 - INFO - Status: DEGRADED
2025-05-08 15:29:44,554 - INFO - HTTP Status Code: 200
2025-05-08 15:29:44,555 - INFO - Response Time: 0.64s
2025-05-08 15:30:31,841 - INFO - Checking website: https://five.tours
2025-05-08 15:30:43,266 - WARNING - Shard ID None heartbeat blocked for more than 10 seconds.
Loop thread traceback (most recent call last):
  File "/app/website_monitor.py", line 333, in <module>
    run_monitor()
  File "/app/website_monitor.py", line 326, in run_monitor
    client.run(CONFIG["discord_bot_token"])
  File "/usr/local/lib/python3.9/site-packages/discord/client.py", line 860, in run
    asyncio.run(runner())
  File "/usr/local/lib/python3.9/asyncio/runners.py", line 44, in run
    return loop.run_until_complete(main)
  File "/usr/local/lib/python3.9/asyncio/base_events.py", line 634, in run_until_complete
    self.run_forever()
  File "/usr/local/lib/python3.9/asyncio/base_events.py", line 601, in run_forever
    self._run_once()
  File "/usr/local/lib/python3.9/asyncio/base_events.py", line 1905, in _run_once
    handle._run()
  File "/usr/local/lib/python3.9/asyncio/events.py", line 80, in _run
    self._context.run(self._callback, *self._args)
  File "/usr/local/lib/python3.9/site-packages/discord/ext/tasks/__init__.py", line 239, in _loop
    await self.coro(*args, **kwargs)
  File "/app/website_monitor.py", line 286, in monitor_task
    status, details = check_website()
  File "/app/website_monitor.py", line 134, in check_website
    ping_success, ping_output = ping_server(CONFIG["server_ip"])
  File "/app/website_monitor.py", line 104, in ping_server
    output = subprocess.check_output(
  File "/usr/local/lib/python3.9/subprocess.py", line 424, in check_output
    return run(*popenargs, stdout=PIPE, timeout=timeout, check=True,
  File "/usr/local/lib/python3.9/subprocess.py", line 507, in run
    stdout, stderr = process.communicate(input, timeout=timeout)
  File "/usr/local/lib/python3.9/subprocess.py", line 1121, in communicate
    stdout = self.stdout.read()

2025-05-08 15:30:44,631 - INFO - Status: DEGRADED
2025-05-08 15:30:44,631 - INFO - HTTP Status Code: 200
2025-05-08 15:30:44,632 - INFO - Response Time: 0.72s
2025-05-08 15:31:31,822 - INFO - Checking website: https://five.tours
2025-05-08 15:31:44,545 - INFO - Status: DEGRADED
2025-05-08 15:31:44,545 - INFO - HTTP Status Code: 200
2025-05-08 15:31:44,546 - INFO - Response Time: 0.67s
2025-05-08 15:32:31,854 - INFO - Checking website: https://five.tours
2025-05-08 15:32:45,570 - WARNING - PyNaCl is not installed, voice will NOT be supported
2025-05-08 15:32:45,571 - INFO - Starting website monitoring service
2025-05-08 15:32:45,572 - INFO - Monitoring https://five.tours (Server IP: 165.154.245.246)
2025-05-08 15:32:45,572 - INFO - Check interval: 60 seconds
2025-05-08 15:32:45,573 - INFO - logging in using static token
2025-05-08 15:32:47,738 - INFO - Shard ID None has connected to Gateway (Session ID: 59027cccca1964241f040c304e128bb0).
2025-05-08 15:32:49,744 - INFO - Logged in as FiveTours#8753
2025-05-08 15:32:49,745 - INFO - Connected to Discord channel: monitor
2025-05-08 15:32:50,079 - INFO - Successfully sent test message to channel
2025-05-08 15:32:50,084 - INFO - Checking website: https://five.tours
2025-05-08 15:32:50,843 - INFO - Status: ONLINE
2025-05-08 15:32:50,844 - INFO - HTTP Status Code: 200
2025-05-08 15:32:50,844 - INFO - Response Time: 0.57s
2025-05-08 15:33:50,106 - INFO - Checking website: https://five.tours
2025-05-08 15:33:50,805 - INFO - Status: ONLINE
2025-05-08 15:33:50,807 - INFO - HTTP Status Code: 200
2025-05-08 15:33:50,807 - INFO - Response Time: 0.54s
2025-05-08 15:34:50,107 - INFO - Checking website: https://five.tours
2025-05-08 15:34:50,805 - INFO - Status: ONLINE
2025-05-08 15:34:50,805 - INFO - HTTP Status Code: 200
2025-05-08 15:34:50,806 - INFO - Response Time: 0.55s
2025-05-08 15:35:50,097 - INFO - Checking website: https://five.tours
2025-05-08 15:35:50,937 - INFO - Status: ONLINE
2025-05-08 15:35:50,938 - INFO - HTTP Status Code: 200
2025-05-08 15:35:50,939 - INFO - Response Time: 0.69s
2025-05-08 15:36:50,117 - INFO - Checking website: https://five.tours
2025-05-08 15:36:50,846 - INFO - Status: ONLINE
2025-05-08 15:36:50,847 - INFO - HTTP Status Code: 200
2025-05-08 15:36:50,848 - INFO - Response Time: 0.57s
2025-05-08 15:37:50,094 - INFO - Checking website: https://five.tours
2025-05-08 15:37:50,845 - INFO - Status: ONLINE
2025-05-08 15:37:50,846 - INFO - HTTP Status Code: 200
2025-05-08 15:37:50,847 - INFO - Response Time: 0.55s
2025-05-08 15:38:50,113 - INFO - Checking website: https://five.tours
2025-05-08 15:38:50,885 - INFO - Status: ONLINE
2025-05-08 15:38:50,886 - INFO - HTTP Status Code: 200
2025-05-08 15:38:50,886 - INFO - Response Time: 0.58s
2025-05-08 15:39:50,095 - INFO - Checking website: https://five.tours
2025-05-08 15:39:50,777 - INFO - Status: ONLINE
2025-05-08 15:39:50,778 - INFO - HTTP Status Code: 200
2025-05-08 15:39:50,778 - INFO - Response Time: 0.53s
2025-05-08 15:40:50,110 - INFO - Checking website: https://five.tours
2025-05-08 15:40:50,781 - INFO - Status: ONLINE
2025-05-08 15:40:50,782 - INFO - HTTP Status Code: 200
2025-05-08 15:40:50,782 - INFO - Response Time: 0.52s
2025-05-08 15:41:50,088 - INFO - Checking website: https://five.tours
2025-05-08 15:41:50,782 - INFO - Status: ONLINE
2025-05-08 15:41:50,783 - INFO - HTTP Status Code: 200
2025-05-08 15:41:50,783 - INFO - Response Time: 0.50s
